/classpath/gnu/java/awt/dnd/
/classpath/gnu/java/awt/peer/gtk/
/classpath/gnu/java/awt/peer/qt/
/classpath/gnu/java/awt/peer/x/
/classpath/gnu/java/util/prefs/gconf/
/classpath/gnu/java/util/prefs/GConfBasedFactory.java
/classpath/gnu/java/util/prefs/GConfBasedPreferences.java
/classpath/compat/
/classpath/examples/
/classpath/gnu/classpath/jdwp/
/classpath/gnu/classpath/Pointer.java
/classpath/gnu/classpath/Pointer32.java
/classpath/gnu/classpath/Pointer64.java
/classpath/gnu/java/net/local/
/classpath/gnu/java/net/PlainDatagramSocketImpl.java
/classpath/gnu/java/net/PlainSocketImpl.java 
/classpath/gnu/java/nio/channels/FileChannelImpl.java
/classpath/gnu/java/nio/charset/iconv/
/classpath/gnu/java/nio/DatagramChannelImpl.java
/classpath/gnu/java/nio/DatagramChannelSelectionKey.java
/classpath/gnu/java/nio/EpollSelectionKeyImpl.java
/classpath/gnu/java/nio/EpollSelectorImpl.java
/classpath/gnu/java/nio/FileChannelImpl.java
/classpath/gnu/java/nio/KqueueSelectorImpl.java
/classpath/gnu/java/nio/KqueueSelectionKeyImpl.java
/classpath/gnu/java/nio/NIOConstants.java
/classpath/gnu/java/nio/NIODatagramSocket.java
/classpath/gnu/java/nio/NIOServerSocket.java
/classpath/gnu/java/nio/NIOSocket.java
/classpath/gnu/java/nio/NIOSocketImpl.java
/classpath/gnu/java/nio/PipeImpl.java
/classpath/gnu/java/nio/SelectionKeyImpl.java
/classpath/gnu/java/nio/SelectorImpl.java
/classpath/gnu/java/nio/SelectorProviderImpl.java
/classpath/gnu/java/nio/ServerSocketChannelImpl.java
/classpath/gnu/java/nio/ServerSocketChannelSelectionKey.java
/classpath/gnu/java/nio/SocketChannelImpl.java
/classpath/gnu/java/nio/SocketChannelSelectionKey.java
/classpath/gnu/java/nio/SocketChannelSelectionKeyImpl.java
/classpath/gnu/java/nio/VMChannelOwner.java
/classpath/gnu/javax/sound/midi/
/classpath/gnu/xml/libxmlj/
/classpath/gnu/test/
/classpath/java/lang/ref/Reference.java
/classpath/java/nio/MappedByteBufferImpl.java
/classpath/testsuite/
/classpath/test/
/classpath/tools/
/classpath/vm/reference/
